<?xml version="1.0" encoding="UTF-8"?>
<!-- Generated by org.testng.reporters.JUnitReportReporter -->
<testsuite hostname="LAPTOP-NG083VA8" failures="0" tests="5" name="com.amazon.loginpageTest" time="57.389" errors="0" timestamp="2022-03-17T10:47:23 IST" skipped="0">
  <testcase classname="com.amazon.loginpageTest" name="positivelogintest" time="14.443"/>
  <system-out/>
  <testcase classname="com.amazon.loginpageTest" name="incorretusernameTest" time="10.216"/>
  <system-out/>
  <testcase classname="com.amazon.loginpageTest" name="incorrectpasswordTest" time="11.117"/>
  <system-out/>
  <testcase classname="com.amazon.loginpageTest" name="newaccountTest" time="11.359"/>
  <system-out/>
  <testcase classname="com.amazon.loginpageTest" name="forgotpasswordTest" time="10.254"/>
  <system-out/>
</testsuite> <!-- com.amazon.loginpageTest -->
